<?xml version="1.0" encoding="UTF-8"?>
<!-- Generated by org.testng.reporters.JUnitReportReporter -->
<testsuite hostname="SibasisDevata" failures="0" tests="1" name="tests.OrangeHRMTest" time="44.069" errors="0" timestamp="2025-08-09T23:29:09 IST" skipped="0">
  <testcase classname="tests.OrangeHRMTest" name="testAddAndVerifyEmployees" time="44.069"/>
</testsuite> <!-- tests.OrangeHRMTest -->
